<?xml version="1.0" encoding="UTF-8"?>
<!-- Generated by org.testng.reporters.JUnitReportReporter -->
<testsuite hostname="DESKTOP-T1HO9OQ" failures="0" tests="2" name="MavenJava.SeleniumTest" time="0.007" errors="0" timestamp="2020-07-14T17:00:16 CEST" skipped="0">
  <testcase classname="MavenJava.SeleniumTest" name="BrowserAutomation" time="0.006"/>
  <system-out/>
  <testcase classname="MavenJava.SeleniumTest" name="uiElements" time="0.001"/>
  <system-out/>
</testsuite> <!-- MavenJava.SeleniumTest -->
