<?xml version="1.0" encoding="UTF-8"?>
<!-- Generated by org.testng.reporters.JUnitReportReporter -->
<testsuite hostname="DESKTOP-T1HO9OQ" failures="0" tests="2" name="MavenJava.RESTApiTest" time="0.002" errors="0" timestamp="2020-07-14T16:46:07 CEST" skipped="0">
  <testcase classname="MavenJava.RESTApiTest" name="deleteTwitter" time="0.001"/>
  <system-out/>
  <testcase classname="MavenJava.RESTApiTest" name="postJira" time="0.001"/>
  <system-out/>
</testsuite> <!-- MavenJava.RESTApiTest -->
