<?xml version="1.0" encoding="UTF-8"?>
<!-- Generated by org.testng.reporters.JUnitReportReporter -->
<testsuite hostname="DESKTOP-T1HO9OQ" failures="0" tests="2" name="MavenJava.TestTest" time="0.000" errors="0" timestamp="14 Jul 2020 15:29:51 GMT">
  <testcase classname="MavenJava.TestTest" name="test1" time="0.000"/>
  <testcase classname="MavenJava.TestTest" name="test2" time="0.000"/>
</testsuite> <!-- MavenJava.TestTest -->
