<?xml version="1.0" encoding="UTF-8"?>
<!-- Generated by org.testng.reporters.JUnitReportReporter -->
<testsuite hostname="DESKTOP-T1HO9OQ" failures="0" tests="2" name="MavenJava.SeleniumTest" time="0.005" errors="0" timestamp="14 Jul 2020 15:29:51 GMT">
  <testcase classname="MavenJava.SeleniumTest" name="BrowserAutomation" time="0.005"/>
  <testcase classname="MavenJava.SeleniumTest" name="uiElements" time="0.000"/>
</testsuite> <!-- MavenJava.SeleniumTest -->
